<?xml version="1.0" encoding="UTF-8"?>
<!-- Generated by org.testng.reporters.JUnitXMLReporter -->
<testsuite hostname="DESKTOP-R0QK2O8" ignored="1" name="Test Package" tests="5" failures="1" timestamp="15 Jul 2018 16:48:35 GMT" time="10.108" errors="0">
  <testcase name="testcase3" time="0.016" classname="day8.TestNGTesting"/>
  <testcase name="verifyTheTitleOfLoginPage" time="0.022" classname="day8.Guru99Project">
    <failure type="java.lang.AssertionError" message="expected [Guru99 Bank Home Page 1] but found [Guru99 Bank Home Page]">
      <![CDATA[java.lang.AssertionError: expected [Guru99 Bank Home Page 1] but found [Guru99 Bank Home Page]
	at day8.Guru99Project.verifyTheTitleOfLoginPage(Guru99Project.java:42)
... Removed 31 stack frames]]>
    </failure>
  </testcase> <!-- verifyTheTitleOfLoginPage -->
  <testcase name="testcase1" time="0.002" classname="day8.TestNGTesting"/>
  <testcase name="testcase7" time="0.003" classname="day8.TestNGTesting"/>
  <testcase name="testcase4" time="0.004" classname="day8.TestNGTesting"/>
  <testcase name="testcase2" time="0.0" classname="day8.TestNGTesting">
    <ignored/>
  </testcase> <!-- testcase2 -->
</testsuite> <!-- Test Package -->
