<?xml version="1.0" encoding="UTF-8"?>
<!-- Generated by org.testng.reporters.JUnitXMLReporter -->
<testsuite hostname="DESKTOP-R0QK2O8" ignored="0" name="Tests" tests="2" failures="1" timestamp="15 Jul 2018 17:17:12 GMT" time="23.743" errors="0">
  <testcase name="verifyTheTitleOfLoginPage" time="0.027" classname="day8.Guru99Project">
    <failure type="java.lang.AssertionError" message="expected [Guru99 Bank Home Page 1] but found [Guru99 Bank Home Page]">
      <![CDATA[java.lang.AssertionError: expected [Guru99 Bank Home Page 1] but found [Guru99 Bank Home Page]
	at day8.Guru99Project.verifyTheTitleOfLoginPage(Guru99Project.java:45)
... Removed 31 stack frames]]>
    </failure>
  </testcase> <!-- verifyTheTitleOfLoginPage -->
  <testcase name="login" time="1.631" classname="day8.Guru99Project"/>
</testsuite> <!-- Tests -->
